Loading rlang/3.6.3
  Loading requirement: jdk/13.0.1
Warning: 219 parsing failures.
  row       col           expected actual                                                                                                                                                  file
 5250 seqorient 1/0/T/F/TRUE/FALSE     RC '/beegfs/group_lp/home/CMonzo/CM_IGseq/analysis/productive_vdj/dedup-mpg_L19244_S1_S1_001_PRIMER-S3_R1_igblast_db-pass_parse-select_parse-select.tsv'
16944 seqorient 1/0/T/F/TRUE/FALSE     RC '/beegfs/group_lp/home/CMonzo/CM_IGseq/analysis/productive_vdj/dedup-mpg_L19244_S1_S1_001_PRIMER-S3_R1_igblast_db-pass_parse-select_parse-select.tsv'
56834 seqorient 1/0/T/F/TRUE/FALSE     RC '/beegfs/group_lp/home/CMonzo/CM_IGseq/analysis/productive_vdj/dedup-mpg_L19244_S1_S1_001_PRIMER-S3_R1_igblast_db-pass_parse-select_parse-select.tsv'
64346 seqorient 1/0/T/F/TRUE/FALSE     RC '/beegfs/group_lp/home/CMonzo/CM_IGseq/analysis/productive_vdj/dedup-mpg_L19244_S1_S1_001_PRIMER-S3_R1_igblast_db-pass_parse-select_parse-select.tsv'
67099 seqorient 1/ [... truncated]
Warning: 187 parsing failures.
   row       col           expected actual                                                                                                                                                  file
 24800 seqorient 1/0/T/F/TRUE/FALSE     RC '/beegfs/group_lp/home/CMonzo/CM_IGseq/analysis/productive_vdj/dedup-mpg_L19244_S1_S1_001_PRIMER-S2_R1_igblast_db-pass_parse-select_parse-select.tsv'
 47261 seqorient 1/0/T/F/TRUE/FALSE     RC '/beegfs/group_lp/home/CMonzo/CM_IGseq/analysis/productive_vdj/dedup-mpg_L19244_S1_S1_001_PRIMER-S2_R1_igblast_db-pass_parse-select_parse-select.tsv'
102500 seqorient 1/0/T/F/TRUE/FALSE     RC '/beegfs/group_lp/home/CMonzo/CM_IGseq/analysis/productive_vdj/dedup-mpg_L19244_S1_S1_001_PRIMER-S2_R1_igblast_db-pass_parse-select_parse-select.tsv'
109303 seqorient 1/0/T/F/TRUE/FALSE     RC '/beegfs/group_lp/home/CMonzo/CM_IGseq/analysis/productive_vdj/dedup-mpg_L19244_S1_S1_001_PRIMER-S2_R1_igblast_db-pass_parse-select_parse-select.tsv'
114578 seqori [... truncated]
Warning: 168 parsing failures.
  row       col           expected actual                                                                                                                                                  file
 8178 seqorient 1/0/T/F/TRUE/FALSE     RC '/beegfs/group_lp/home/CMonzo/CM_IGseq/analysis/productive_vdj/dedup-mpg_L19244_S1_S1_001_PRIMER-S8_R1_igblast_db-pass_parse-select_parse-select.tsv'
38810 seqorient 1/0/T/F/TRUE/FALSE     RC '/beegfs/group_lp/home/CMonzo/CM_IGseq/analysis/productive_vdj/dedup-mpg_L19244_S1_S1_001_PRIMER-S8_R1_igblast_db-pass_parse-select_parse-select.tsv'
67072 seqorient 1/0/T/F/TRUE/FALSE     RC '/beegfs/group_lp/home/CMonzo/CM_IGseq/analysis/productive_vdj/dedup-mpg_L19244_S1_S1_001_PRIMER-S8_R1_igblast_db-pass_parse-select_parse-select.tsv'
79659 seqorient 1/0/T/F/TRUE/FALSE     RC '/beegfs/group_lp/home/CMonzo/CM_IGseq/analysis/productive_vdj/dedup-mpg_L19244_S1_S1_001_PRIMER-S8_R1_igblast_db-pass_parse-select_parse-select.tsv'
94669 seqorient 1/ [... truncated]
Warning: 204 parsing failures.
  row       col           expected actual                                                                                                                                                  file
25243 seqorient 1/0/T/F/TRUE/FALSE     RC '/beegfs/group_lp/home/CMonzo/CM_IGseq/analysis/productive_vdj/dedup-mpg_L19245_S2_S2_001_PRIMER-S1_R1_igblast_db-pass_parse-select_parse-select.tsv'
27068 seqorient 1/0/T/F/TRUE/FALSE     RC '/beegfs/group_lp/home/CMonzo/CM_IGseq/analysis/productive_vdj/dedup-mpg_L19245_S2_S2_001_PRIMER-S1_R1_igblast_db-pass_parse-select_parse-select.tsv'
59337 seqorient 1/0/T/F/TRUE/FALSE     RC '/beegfs/group_lp/home/CMonzo/CM_IGseq/analysis/productive_vdj/dedup-mpg_L19245_S2_S2_001_PRIMER-S1_R1_igblast_db-pass_parse-select_parse-select.tsv'
61252 seqorient 1/0/T/F/TRUE/FALSE     RC '/beegfs/group_lp/home/CMonzo/CM_IGseq/analysis/productive_vdj/dedup-mpg_L19245_S2_S2_001_PRIMER-S1_R1_igblast_db-pass_parse-select_parse-select.tsv'
67871 seqorient 1/ [... truncated]
Warning: 108 parsing failures.
   row       col           expected actual                                                                                                                                                  file
 55092 seqorient 1/0/T/F/TRUE/FALSE     RC '/beegfs/group_lp/home/CMonzo/CM_IGseq/analysis/productive_vdj/dedup-mpg_L19244_S1_S1_001_PRIMER-S5_R1_igblast_db-pass_parse-select_parse-select.tsv'
 75212 seqorient 1/0/T/F/TRUE/FALSE     RC '/beegfs/group_lp/home/CMonzo/CM_IGseq/analysis/productive_vdj/dedup-mpg_L19244_S1_S1_001_PRIMER-S5_R1_igblast_db-pass_parse-select_parse-select.tsv'
 76058 seqorient 1/0/T/F/TRUE/FALSE     RC '/beegfs/group_lp/home/CMonzo/CM_IGseq/analysis/productive_vdj/dedup-mpg_L19244_S1_S1_001_PRIMER-S5_R1_igblast_db-pass_parse-select_parse-select.tsv'
113794 seqorient 1/0/T/F/TRUE/FALSE     RC '/beegfs/group_lp/home/CMonzo/CM_IGseq/analysis/productive_vdj/dedup-mpg_L19244_S1_S1_001_PRIMER-S5_R1_igblast_db-pass_parse-select_parse-select.tsv'
136721 seqori [... truncated]
Warning: 234 parsing failures.
   row       col           expected actual                                                                                                                                                  file
 26431 seqorient 1/0/T/F/TRUE/FALSE     RC '/beegfs/group_lp/home/CMonzo/CM_IGseq/analysis/productive_vdj/dedup-mpg_L19244_S1_S1_001_PRIMER-S9_R1_igblast_db-pass_parse-select_parse-select.tsv'
 84120 seqorient 1/0/T/F/TRUE/FALSE     RC '/beegfs/group_lp/home/CMonzo/CM_IGseq/analysis/productive_vdj/dedup-mpg_L19244_S1_S1_001_PRIMER-S9_R1_igblast_db-pass_parse-select_parse-select.tsv'
128247 seqorient 1/0/T/F/TRUE/FALSE     RC '/beegfs/group_lp/home/CMonzo/CM_IGseq/analysis/productive_vdj/dedup-mpg_L19244_S1_S1_001_PRIMER-S9_R1_igblast_db-pass_parse-select_parse-select.tsv'
143169 seqorient 1/0/T/F/TRUE/FALSE     RC '/beegfs/group_lp/home/CMonzo/CM_IGseq/analysis/productive_vdj/dedup-mpg_L19244_S1_S1_001_PRIMER-S9_R1_igblast_db-pass_parse-select_parse-select.tsv'
144956 seqori [... truncated]
Error in findNovelAlleles(db, germline_db = ighv, nproc = 50, germline_min = 20) : 
  Not enough sample sequences were assigned to any germline:
  (1) germline_min is too large or
  (2) sequences names don't match germlines.
Calls: tryCatch ... tryCatchList -> tryCatchOne -> <Anonymous> -> findNovelAlleles
Execution halted
Warning: 165 parsing failures.
   row       col           expected actual                                                                                                                                                  file
 76043 seqorient 1/0/T/F/TRUE/FALSE     RC '/beegfs/group_lp/home/CMonzo/CM_IGseq/analysis/productive_vdj/dedup-mpg_L19244_S1_S1_001_PRIMER-S6_R1_igblast_db-pass_parse-select_parse-select.tsv'
 94478 seqorient 1/0/T/F/TRUE/FALSE     RC '/beegfs/group_lp/home/CMonzo/CM_IGseq/analysis/productive_vdj/dedup-mpg_L19244_S1_S1_001_PRIMER-S6_R1_igblast_db-pass_parse-select_parse-select.tsv'
100645 seqorient 1/0/T/F/TRUE/FALSE     RC '/beegfs/group_lp/home/CMonzo/CM_IGseq/analysis/productive_vdj/dedup-mpg_L19244_S1_S1_001_PRIMER-S6_R1_igblast_db-pass_parse-select_parse-select.tsv'
103566 seqorient 1/0/T/F/TRUE/FALSE     RC '/beegfs/group_lp/home/CMonzo/CM_IGseq/analysis/productive_vdj/dedup-mpg_L19244_S1_S1_001_PRIMER-S6_R1_igblast_db-pass_parse-select_parse-select.tsv'
105618 seqori [... truncated]
Warning: 215 parsing failures.
   row       col           expected actual                                                                                                                                                  file
  7492 seqorient 1/0/T/F/TRUE/FALSE     RC '/beegfs/group_lp/home/CMonzo/CM_IGseq/analysis/productive_vdj/dedup-mpg_L19244_S1_S1_001_PRIMER-S4_R1_igblast_db-pass_parse-select_parse-select.tsv'
 51535 seqorient 1/0/T/F/TRUE/FALSE     RC '/beegfs/group_lp/home/CMonzo/CM_IGseq/analysis/productive_vdj/dedup-mpg_L19244_S1_S1_001_PRIMER-S4_R1_igblast_db-pass_parse-select_parse-select.tsv'
113674 seqorient 1/0/T/F/TRUE/FALSE     RC '/beegfs/group_lp/home/CMonzo/CM_IGseq/analysis/productive_vdj/dedup-mpg_L19244_S1_S1_001_PRIMER-S4_R1_igblast_db-pass_parse-select_parse-select.tsv'
113753 seqorient 1/0/T/F/TRUE/FALSE     RC '/beegfs/group_lp/home/CMonzo/CM_IGseq/analysis/productive_vdj/dedup-mpg_L19244_S1_S1_001_PRIMER-S4_R1_igblast_db-pass_parse-select_parse-select.tsv'
115246 seqori [... truncated]
Warning: 170 parsing failures.
  row       col           expected actual                                                                                                                                                  file
 8572 seqorient 1/0/T/F/TRUE/FALSE     RC '/beegfs/group_lp/home/CMonzo/CM_IGseq/analysis/productive_vdj/dedup-mpg_L19245_S2_S2_001_PRIMER-S8_R1_igblast_db-pass_parse-select_parse-select.tsv'
50092 seqorient 1/0/T/F/TRUE/FALSE     RC '/beegfs/group_lp/home/CMonzo/CM_IGseq/analysis/productive_vdj/dedup-mpg_L19245_S2_S2_001_PRIMER-S8_R1_igblast_db-pass_parse-select_parse-select.tsv'
85692 seqorient 1/0/T/F/TRUE/FALSE     RC '/beegfs/group_lp/home/CMonzo/CM_IGseq/analysis/productive_vdj/dedup-mpg_L19245_S2_S2_001_PRIMER-S8_R1_igblast_db-pass_parse-select_parse-select.tsv'
92896 seqorient 1/0/T/F/TRUE/FALSE     RC '/beegfs/group_lp/home/CMonzo/CM_IGseq/analysis/productive_vdj/dedup-mpg_L19245_S2_S2_001_PRIMER-S8_R1_igblast_db-pass_parse-select_parse-select.tsv'
94397 seqorient 1/ [... truncated]
Warning messages:
1: Quick-TRANSfer stage steps exceeded maximum (= 50150) 
2: Quick-TRANSfer stage steps exceeded maximum (= 50150) 
Warning: 363 parsing failures.
   row       col           expected actual                                                                                                                                                  file
  4327 seqorient 1/0/T/F/TRUE/FALSE     RC '/beegfs/group_lp/home/CMonzo/CM_IGseq/analysis/productive_vdj/dedup-mpg_L19245_S2_S2_001_PRIMER-S4_R1_igblast_db-pass_parse-select_parse-select.tsv'
 32033 seqorient 1/0/T/F/TRUE/FALSE     RC '/beegfs/group_lp/home/CMonzo/CM_IGseq/analysis/productive_vdj/dedup-mpg_L19245_S2_S2_001_PRIMER-S4_R1_igblast_db-pass_parse-select_parse-select.tsv'
129640 seqorient 1/0/T/F/TRUE/FALSE     RC '/beegfs/group_lp/home/CMonzo/CM_IGseq/analysis/productive_vdj/dedup-mpg_L19245_S2_S2_001_PRIMER-S4_R1_igblast_db-pass_parse-select_parse-select.tsv'
185056 seqorient 1/0/T/F/TRUE/FALSE     RC '/beegfs/group_lp/home/CMonzo/CM_IGseq/analysis/productive_vdj/dedup-mpg_L19245_S2_S2_001_PRIMER-S4_R1_igblast_db-pass_parse-select_parse-select.tsv'
190483 seqori [... truncated]
Warning: 214 parsing failures.
   row       col           expected actual                                                                                                                                                  file
  9547 seqorient 1/0/T/F/TRUE/FALSE     RC '/beegfs/group_lp/home/CMonzo/CM_IGseq/analysis/productive_vdj/dedup-mpg_L19244_S1_S1_001_PRIMER-S1_R1_igblast_db-pass_parse-select_parse-select.tsv'
132732 seqorient 1/0/T/F/TRUE/FALSE     RC '/beegfs/group_lp/home/CMonzo/CM_IGseq/analysis/productive_vdj/dedup-mpg_L19244_S1_S1_001_PRIMER-S1_R1_igblast_db-pass_parse-select_parse-select.tsv'
187283 seqorient 1/0/T/F/TRUE/FALSE     RC '/beegfs/group_lp/home/CMonzo/CM_IGseq/analysis/productive_vdj/dedup-mpg_L19244_S1_S1_001_PRIMER-S1_R1_igblast_db-pass_parse-select_parse-select.tsv'
200043 seqorient 1/0/T/F/TRUE/FALSE     RC '/beegfs/group_lp/home/CMonzo/CM_IGseq/analysis/productive_vdj/dedup-mpg_L19244_S1_S1_001_PRIMER-S1_R1_igblast_db-pass_parse-select_parse-select.tsv'
203631 seqori [... truncated]
Warning: 421 parsing failures.
   row       col           expected actual                                                                                                                                                  file
 22449 seqorient 1/0/T/F/TRUE/FALSE     RC '/beegfs/group_lp/home/CMonzo/CM_IGseq/analysis/productive_vdj/dedup-mpg_L19246_S3_S3_001_PRIMER-S3_R1_igblast_db-pass_parse-select_parse-select.tsv'
 42003 seqorient 1/0/T/F/TRUE/FALSE     RC '/beegfs/group_lp/home/CMonzo/CM_IGseq/analysis/productive_vdj/dedup-mpg_L19246_S3_S3_001_PRIMER-S3_R1_igblast_db-pass_parse-select_parse-select.tsv'
 57143 seqorient 1/0/T/F/TRUE/FALSE     RC '/beegfs/group_lp/home/CMonzo/CM_IGseq/analysis/productive_vdj/dedup-mpg_L19246_S3_S3_001_PRIMER-S3_R1_igblast_db-pass_parse-select_parse-select.tsv'
 72910 seqorient 1/0/T/F/TRUE/FALSE     RC '/beegfs/group_lp/home/CMonzo/CM_IGseq/analysis/productive_vdj/dedup-mpg_L19246_S3_S3_001_PRIMER-S3_R1_igblast_db-pass_parse-select_parse-select.tsv'
103199 seqori [... truncated]
Warning: 152 parsing failures.
   row       col           expected actual                                                                                                                                                  file
 81829 seqorient 1/0/T/F/TRUE/FALSE     RC '/beegfs/group_lp/home/CMonzo/CM_IGseq/analysis/productive_vdj/dedup-mpg_L19246_S3_S3_001_PRIMER-S4_R1_igblast_db-pass_parse-select_parse-select.tsv'
 83205 seqorient 1/0/T/F/TRUE/FALSE     RC '/beegfs/group_lp/home/CMonzo/CM_IGseq/analysis/productive_vdj/dedup-mpg_L19246_S3_S3_001_PRIMER-S4_R1_igblast_db-pass_parse-select_parse-select.tsv'
 98189 seqorient 1/0/T/F/TRUE/FALSE     RC '/beegfs/group_lp/home/CMonzo/CM_IGseq/analysis/productive_vdj/dedup-mpg_L19246_S3_S3_001_PRIMER-S4_R1_igblast_db-pass_parse-select_parse-select.tsv'
111965 seqorient 1/0/T/F/TRUE/FALSE     RC '/beegfs/group_lp/home/CMonzo/CM_IGseq/analysis/productive_vdj/dedup-mpg_L19246_S3_S3_001_PRIMER-S4_R1_igblast_db-pass_parse-select_parse-select.tsv'
112198 seqori [... truncated]
Warning: 231 parsing failures.
   row       col           expected actual                                                                                                                                                  file
 36848 seqorient 1/0/T/F/TRUE/FALSE     RC '/beegfs/group_lp/home/CMonzo/CM_IGseq/analysis/productive_vdj/dedup-mpg_L19245_S2_S2_001_PRIMER-S6_R1_igblast_db-pass_parse-select_parse-select.tsv'
 57701 seqorient 1/0/T/F/TRUE/FALSE     RC '/beegfs/group_lp/home/CMonzo/CM_IGseq/analysis/productive_vdj/dedup-mpg_L19245_S2_S2_001_PRIMER-S6_R1_igblast_db-pass_parse-select_parse-select.tsv'
 79111 seqorient 1/0/T/F/TRUE/FALSE     RC '/beegfs/group_lp/home/CMonzo/CM_IGseq/analysis/productive_vdj/dedup-mpg_L19245_S2_S2_001_PRIMER-S6_R1_igblast_db-pass_parse-select_parse-select.tsv'
113088 seqorient 1/0/T/F/TRUE/FALSE     RC '/beegfs/group_lp/home/CMonzo/CM_IGseq/analysis/productive_vdj/dedup-mpg_L19245_S2_S2_001_PRIMER-S6_R1_igblast_db-pass_parse-select_parse-select.tsv'
137416 seqori [... truncated]
Warning: 168 parsing failures.
  row       col           expected actual                                                                                                                                                  file
 6980 seqorient 1/0/T/F/TRUE/FALSE     RC '/beegfs/group_lp/home/CMonzo/CM_IGseq/analysis/productive_vdj/dedup-mpg_L19246_S3_S3_001_PRIMER-S6_R1_igblast_db-pass_parse-select_parse-select.tsv'
21262 seqorient 1/0/T/F/TRUE/FALSE     RC '/beegfs/group_lp/home/CMonzo/CM_IGseq/analysis/productive_vdj/dedup-mpg_L19246_S3_S3_001_PRIMER-S6_R1_igblast_db-pass_parse-select_parse-select.tsv'
36698 seqorient 1/0/T/F/TRUE/FALSE     RC '/beegfs/group_lp/home/CMonzo/CM_IGseq/analysis/productive_vdj/dedup-mpg_L19246_S3_S3_001_PRIMER-S6_R1_igblast_db-pass_parse-select_parse-select.tsv'
37287 seqorient 1/0/T/F/TRUE/FALSE     RC '/beegfs/group_lp/home/CMonzo/CM_IGseq/analysis/productive_vdj/dedup-mpg_L19246_S3_S3_001_PRIMER-S6_R1_igblast_db-pass_parse-select_parse-select.tsv'
42054 seqorient 1/ [... truncated]
There were 50 or more warnings (use warnings() to see the first 50)
Warning: 198 parsing failures.
  row       col           expected actual                                                                                                                                                  file
 1259 seqorient 1/0/T/F/TRUE/FALSE     RC '/beegfs/group_lp/home/CMonzo/CM_IGseq/analysis/productive_vdj/dedup-mpg_L19246_S3_S3_001_PRIMER-S7_R1_igblast_db-pass_parse-select_parse-select.tsv'
46981 seqorient 1/0/T/F/TRUE/FALSE     RC '/beegfs/group_lp/home/CMonzo/CM_IGseq/analysis/productive_vdj/dedup-mpg_L19246_S3_S3_001_PRIMER-S7_R1_igblast_db-pass_parse-select_parse-select.tsv'
53513 seqorient 1/0/T/F/TRUE/FALSE     RC '/beegfs/group_lp/home/CMonzo/CM_IGseq/analysis/productive_vdj/dedup-mpg_L19246_S3_S3_001_PRIMER-S7_R1_igblast_db-pass_parse-select_parse-select.tsv'
57303 seqorient 1/0/T/F/TRUE/FALSE     RC '/beegfs/group_lp/home/CMonzo/CM_IGseq/analysis/productive_vdj/dedup-mpg_L19246_S3_S3_001_PRIMER-S7_R1_igblast_db-pass_parse-select_parse-select.tsv'
59095 seqorient 1/ [... truncated]
Warning: 164 parsing failures.
   row       col           expected actual                                                                                                                                                  file
 30341 seqorient 1/0/T/F/TRUE/FALSE     RC '/beegfs/group_lp/home/CMonzo/CM_IGseq/analysis/productive_vdj/dedup-mpg_L19245_S2_S2_001_PRIMER-S2_R1_igblast_db-pass_parse-select_parse-select.tsv'
 82678 seqorient 1/0/T/F/TRUE/FALSE     RC '/beegfs/group_lp/home/CMonzo/CM_IGseq/analysis/productive_vdj/dedup-mpg_L19245_S2_S2_001_PRIMER-S2_R1_igblast_db-pass_parse-select_parse-select.tsv'
124095 seqorient 1/0/T/F/TRUE/FALSE     RC '/beegfs/group_lp/home/CMonzo/CM_IGseq/analysis/productive_vdj/dedup-mpg_L19245_S2_S2_001_PRIMER-S2_R1_igblast_db-pass_parse-select_parse-select.tsv'
177195 seqorient 1/0/T/F/TRUE/FALSE     RC '/beegfs/group_lp/home/CMonzo/CM_IGseq/analysis/productive_vdj/dedup-mpg_L19245_S2_S2_001_PRIMER-S2_R1_igblast_db-pass_parse-select_parse-select.tsv'
239676 seqori [... truncated]
Warning: 228 parsing failures.
  row       col           expected actual                                                                                                                                                  file
56872 seqorient 1/0/T/F/TRUE/FALSE     RC '/beegfs/group_lp/home/CMonzo/CM_IGseq/analysis/productive_vdj/dedup-mpg_L19246_S3_S3_001_PRIMER-S1_R1_igblast_db-pass_parse-select_parse-select.tsv'
61708 seqorient 1/0/T/F/TRUE/FALSE     RC '/beegfs/group_lp/home/CMonzo/CM_IGseq/analysis/productive_vdj/dedup-mpg_L19246_S3_S3_001_PRIMER-S1_R1_igblast_db-pass_parse-select_parse-select.tsv'
64220 seqorient 1/0/T/F/TRUE/FALSE     RC '/beegfs/group_lp/home/CMonzo/CM_IGseq/analysis/productive_vdj/dedup-mpg_L19246_S3_S3_001_PRIMER-S1_R1_igblast_db-pass_parse-select_parse-select.tsv'
85224 seqorient 1/0/T/F/TRUE/FALSE     RC '/beegfs/group_lp/home/CMonzo/CM_IGseq/analysis/productive_vdj/dedup-mpg_L19246_S3_S3_001_PRIMER-S1_R1_igblast_db-pass_parse-select_parse-select.tsv'
91384 seqorient 1/ [... truncated]
Warning: 153 parsing failures.
  row       col           expected actual                                                                                                                                                  file
 3864 seqorient 1/0/T/F/TRUE/FALSE     RC '/beegfs/group_lp/home/CMonzo/CM_IGseq/analysis/productive_vdj/dedup-mpg_L19246_S3_S3_001_PRIMER-S9_R1_igblast_db-pass_parse-select_parse-select.tsv'
 4824 seqorient 1/0/T/F/TRUE/FALSE     RC '/beegfs/group_lp/home/CMonzo/CM_IGseq/analysis/productive_vdj/dedup-mpg_L19246_S3_S3_001_PRIMER-S9_R1_igblast_db-pass_parse-select_parse-select.tsv'
 8635 seqorient 1/0/T/F/TRUE/FALSE     RC '/beegfs/group_lp/home/CMonzo/CM_IGseq/analysis/productive_vdj/dedup-mpg_L19246_S3_S3_001_PRIMER-S9_R1_igblast_db-pass_parse-select_parse-select.tsv'
22030 seqorient 1/0/T/F/TRUE/FALSE     RC '/beegfs/group_lp/home/CMonzo/CM_IGseq/analysis/productive_vdj/dedup-mpg_L19246_S3_S3_001_PRIMER-S9_R1_igblast_db-pass_parse-select_parse-select.tsv'
27631 seqorient 1/ [... truncated]
Warning: 417 parsing failures.
  row       col           expected actual                                                                                                                                                  file
 2089 seqorient 1/0/T/F/TRUE/FALSE     RC '/beegfs/group_lp/home/CMonzo/CM_IGseq/analysis/productive_vdj/dedup-mpg_L19247_S4_S4_001_PRIMER-S2_R1_igblast_db-pass_parse-select_parse-select.tsv'
 4470 seqorient 1/0/T/F/TRUE/FALSE     RC '/beegfs/group_lp/home/CMonzo/CM_IGseq/analysis/productive_vdj/dedup-mpg_L19247_S4_S4_001_PRIMER-S2_R1_igblast_db-pass_parse-select_parse-select.tsv'
 7822 seqorient 1/0/T/F/TRUE/FALSE     RC '/beegfs/group_lp/home/CMonzo/CM_IGseq/analysis/productive_vdj/dedup-mpg_L19247_S4_S4_001_PRIMER-S2_R1_igblast_db-pass_parse-select_parse-select.tsv'
 9651 seqorient 1/0/T/F/TRUE/FALSE     RC '/beegfs/group_lp/home/CMonzo/CM_IGseq/analysis/productive_vdj/dedup-mpg_L19247_S4_S4_001_PRIMER-S2_R1_igblast_db-pass_parse-select_parse-select.tsv'
10161 seqorient 1/ [... truncated]
Warning: 120 parsing failures.
   row       col           expected actual                                                                                                                                                  file
 23802 seqorient 1/0/T/F/TRUE/FALSE     RC '/beegfs/group_lp/home/CMonzo/CM_IGseq/analysis/productive_vdj/dedup-mpg_L19244_S1_S1_001_PRIMER-S7_R1_igblast_db-pass_parse-select_parse-select.tsv'
 35233 seqorient 1/0/T/F/TRUE/FALSE     RC '/beegfs/group_lp/home/CMonzo/CM_IGseq/analysis/productive_vdj/dedup-mpg_L19244_S1_S1_001_PRIMER-S7_R1_igblast_db-pass_parse-select_parse-select.tsv'
 52246 seqorient 1/0/T/F/TRUE/FALSE     RC '/beegfs/group_lp/home/CMonzo/CM_IGseq/analysis/productive_vdj/dedup-mpg_L19244_S1_S1_001_PRIMER-S7_R1_igblast_db-pass_parse-select_parse-select.tsv'
 80803 seqorient 1/0/T/F/TRUE/FALSE     RC '/beegfs/group_lp/home/CMonzo/CM_IGseq/analysis/productive_vdj/dedup-mpg_L19244_S1_S1_001_PRIMER-S7_R1_igblast_db-pass_parse-select_parse-select.tsv'
101244 seqori [... truncated]
Warning: 257 parsing failures.
  row       col           expected actual                                                                                                                                                  file
31106 seqorient 1/0/T/F/TRUE/FALSE     RC '/beegfs/group_lp/home/CMonzo/CM_IGseq/analysis/productive_vdj/dedup-mpg_L19247_S4_S4_001_PRIMER-S3_R1_igblast_db-pass_parse-select_parse-select.tsv'
56917 seqorient 1/0/T/F/TRUE/FALSE     RC '/beegfs/group_lp/home/CMonzo/CM_IGseq/analysis/productive_vdj/dedup-mpg_L19247_S4_S4_001_PRIMER-S3_R1_igblast_db-pass_parse-select_parse-select.tsv'
60816 seqorient 1/0/T/F/TRUE/FALSE     RC '/beegfs/group_lp/home/CMonzo/CM_IGseq/analysis/productive_vdj/dedup-mpg_L19247_S4_S4_001_PRIMER-S3_R1_igblast_db-pass_parse-select_parse-select.tsv'
72293 seqorient 1/0/T/F/TRUE/FALSE     RC '/beegfs/group_lp/home/CMonzo/CM_IGseq/analysis/productive_vdj/dedup-mpg_L19247_S4_S4_001_PRIMER-S3_R1_igblast_db-pass_parse-select_parse-select.tsv'
72645 seqorient 1/ [... truncated]
Warning: 220 parsing failures.
  row       col           expected actual                                                                                                                                                  file
18782 seqorient 1/0/T/F/TRUE/FALSE     RC '/beegfs/group_lp/home/CMonzo/CM_IGseq/analysis/productive_vdj/dedup-mpg_L19246_S3_S3_001_PRIMER-S8_R1_igblast_db-pass_parse-select_parse-select.tsv'
20532 seqorient 1/0/T/F/TRUE/FALSE     RC '/beegfs/group_lp/home/CMonzo/CM_IGseq/analysis/productive_vdj/dedup-mpg_L19246_S3_S3_001_PRIMER-S8_R1_igblast_db-pass_parse-select_parse-select.tsv'
45231 seqorient 1/0/T/F/TRUE/FALSE     RC '/beegfs/group_lp/home/CMonzo/CM_IGseq/analysis/productive_vdj/dedup-mpg_L19246_S3_S3_001_PRIMER-S8_R1_igblast_db-pass_parse-select_parse-select.tsv'
50906 seqorient 1/0/T/F/TRUE/FALSE     RC '/beegfs/group_lp/home/CMonzo/CM_IGseq/analysis/productive_vdj/dedup-mpg_L19246_S3_S3_001_PRIMER-S8_R1_igblast_db-pass_parse-select_parse-select.tsv'
53242 seqorient 1/ [... truncated]
Warning: 243 parsing failures.
   row       col           expected actual                                                                                                                                                  file
 24312 seqorient 1/0/T/F/TRUE/FALSE     RC '/beegfs/group_lp/home/CMonzo/CM_IGseq/analysis/productive_vdj/dedup-mpg_L19247_S4_S4_001_PRIMER-S1_R1_igblast_db-pass_parse-select_parse-select.tsv'
 64940 seqorient 1/0/T/F/TRUE/FALSE     RC '/beegfs/group_lp/home/CMonzo/CM_IGseq/analysis/productive_vdj/dedup-mpg_L19247_S4_S4_001_PRIMER-S1_R1_igblast_db-pass_parse-select_parse-select.tsv'
 92927 seqorient 1/0/T/F/TRUE/FALSE     RC '/beegfs/group_lp/home/CMonzo/CM_IGseq/analysis/productive_vdj/dedup-mpg_L19247_S4_S4_001_PRIMER-S1_R1_igblast_db-pass_parse-select_parse-select.tsv'
100284 seqorient 1/0/T/F/TRUE/FALSE     RC '/beegfs/group_lp/home/CMonzo/CM_IGseq/analysis/productive_vdj/dedup-mpg_L19247_S4_S4_001_PRIMER-S1_R1_igblast_db-pass_parse-select_parse-select.tsv'
117588 seqori [... truncated]
Warning: 287 parsing failures.
   row       col           expected actual                                                                                                                                                  file
 39629 seqorient 1/0/T/F/TRUE/FALSE     RC '/beegfs/group_lp/home/CMonzo/CM_IGseq/analysis/productive_vdj/dedup-mpg_L19246_S3_S3_001_PRIMER-S5_R1_igblast_db-pass_parse-select_parse-select.tsv'
 72391 seqorient 1/0/T/F/TRUE/FALSE     RC '/beegfs/group_lp/home/CMonzo/CM_IGseq/analysis/productive_vdj/dedup-mpg_L19246_S3_S3_001_PRIMER-S5_R1_igblast_db-pass_parse-select_parse-select.tsv'
104045 seqorient 1/0/T/F/TRUE/FALSE     RC '/beegfs/group_lp/home/CMonzo/CM_IGseq/analysis/productive_vdj/dedup-mpg_L19246_S3_S3_001_PRIMER-S5_R1_igblast_db-pass_parse-select_parse-select.tsv'
116622 seqorient 1/0/T/F/TRUE/FALSE     RC '/beegfs/group_lp/home/CMonzo/CM_IGseq/analysis/productive_vdj/dedup-mpg_L19246_S3_S3_001_PRIMER-S5_R1_igblast_db-pass_parse-select_parse-select.tsv'
132074 seqori [... truncated]
Warning: 293 parsing failures.
   row       col           expected actual                                                                                                                                                  file
 46371 seqorient 1/0/T/F/TRUE/FALSE     RC '/beegfs/group_lp/home/CMonzo/CM_IGseq/analysis/productive_vdj/dedup-mpg_L19245_S2_S2_001_PRIMER-S3_R1_igblast_db-pass_parse-select_parse-select.tsv'
101511 seqorient 1/0/T/F/TRUE/FALSE     RC '/beegfs/group_lp/home/CMonzo/CM_IGseq/analysis/productive_vdj/dedup-mpg_L19245_S2_S2_001_PRIMER-S3_R1_igblast_db-pass_parse-select_parse-select.tsv'
120796 seqorient 1/0/T/F/TRUE/FALSE     RC '/beegfs/group_lp/home/CMonzo/CM_IGseq/analysis/productive_vdj/dedup-mpg_L19245_S2_S2_001_PRIMER-S3_R1_igblast_db-pass_parse-select_parse-select.tsv'
136678 seqorient 1/0/T/F/TRUE/FALSE     RC '/beegfs/group_lp/home/CMonzo/CM_IGseq/analysis/productive_vdj/dedup-mpg_L19245_S2_S2_001_PRIMER-S3_R1_igblast_db-pass_parse-select_parse-select.tsv'
144006 seqori [... truncated]
Warning: 249 parsing failures.
   row       col           expected actual                                                                                                                                                  file
199412 seqorient 1/0/T/F/TRUE/FALSE     RC '/beegfs/group_lp/home/CMonzo/CM_IGseq/analysis/productive_vdj/dedup-mpg_L19245_S2_S2_001_PRIMER-S9_R1_igblast_db-pass_parse-select_parse-select.tsv'
247806 seqorient 1/0/T/F/TRUE/FALSE     RC '/beegfs/group_lp/home/CMonzo/CM_IGseq/analysis/productive_vdj/dedup-mpg_L19245_S2_S2_001_PRIMER-S9_R1_igblast_db-pass_parse-select_parse-select.tsv'
293086 seqorient 1/0/T/F/TRUE/FALSE     RC '/beegfs/group_lp/home/CMonzo/CM_IGseq/analysis/productive_vdj/dedup-mpg_L19245_S2_S2_001_PRIMER-S9_R1_igblast_db-pass_parse-select_parse-select.tsv'
299138 seqorient 1/0/T/F/TRUE/FALSE     RC '/beegfs/group_lp/home/CMonzo/CM_IGseq/analysis/productive_vdj/dedup-mpg_L19245_S2_S2_001_PRIMER-S9_R1_igblast_db-pass_parse-select_parse-select.tsv'
303180 seqori [... truncated]
Warning: 205 parsing failures.
   row       col           expected actual                                                                                                                                                  file
 48037 seqorient 1/0/T/F/TRUE/FALSE     RC '/beegfs/group_lp/home/CMonzo/CM_IGseq/analysis/productive_vdj/dedup-mpg_L19247_S4_S4_001_PRIMER-S5_R1_igblast_db-pass_parse-select_parse-select.tsv'
 49619 seqorient 1/0/T/F/TRUE/FALSE     RC '/beegfs/group_lp/home/CMonzo/CM_IGseq/analysis/productive_vdj/dedup-mpg_L19247_S4_S4_001_PRIMER-S5_R1_igblast_db-pass_parse-select_parse-select.tsv'
 95194 seqorient 1/0/T/F/TRUE/FALSE     RC '/beegfs/group_lp/home/CMonzo/CM_IGseq/analysis/productive_vdj/dedup-mpg_L19247_S4_S4_001_PRIMER-S5_R1_igblast_db-pass_parse-select_parse-select.tsv'
 97247 seqorient 1/0/T/F/TRUE/FALSE     RC '/beegfs/group_lp/home/CMonzo/CM_IGseq/analysis/productive_vdj/dedup-mpg_L19247_S4_S4_001_PRIMER-S5_R1_igblast_db-pass_parse-select_parse-select.tsv'
124957 seqori [... truncated]
Warning: 302 parsing failures.
   row       col           expected actual                                                                                                                                                  file
 15289 seqorient 1/0/T/F/TRUE/FALSE     RC '/beegfs/group_lp/home/CMonzo/CM_IGseq/analysis/productive_vdj/dedup-mpg_L19245_S2_S2_001_PRIMER-S5_R1_igblast_db-pass_parse-select_parse-select.tsv'
 31055 seqorient 1/0/T/F/TRUE/FALSE     RC '/beegfs/group_lp/home/CMonzo/CM_IGseq/analysis/productive_vdj/dedup-mpg_L19245_S2_S2_001_PRIMER-S5_R1_igblast_db-pass_parse-select_parse-select.tsv'
 99075 seqorient 1/0/T/F/TRUE/FALSE     RC '/beegfs/group_lp/home/CMonzo/CM_IGseq/analysis/productive_vdj/dedup-mpg_L19245_S2_S2_001_PRIMER-S5_R1_igblast_db-pass_parse-select_parse-select.tsv'
134556 seqorient 1/0/T/F/TRUE/FALSE     RC '/beegfs/group_lp/home/CMonzo/CM_IGseq/analysis/productive_vdj/dedup-mpg_L19245_S2_S2_001_PRIMER-S5_R1_igblast_db-pass_parse-select_parse-select.tsv'
182873 seqori [... truncated]
Warning: 220 parsing failures.
  row       col           expected actual                                                                                                                                                  file
19548 seqorient 1/0/T/F/TRUE/FALSE     RC '/beegfs/group_lp/home/CMonzo/CM_IGseq/analysis/productive_vdj/dedup-mpg_L19247_S4_S4_001_PRIMER-S4_R1_igblast_db-pass_parse-select_parse-select.tsv'
33158 seqorient 1/0/T/F/TRUE/FALSE     RC '/beegfs/group_lp/home/CMonzo/CM_IGseq/analysis/productive_vdj/dedup-mpg_L19247_S4_S4_001_PRIMER-S4_R1_igblast_db-pass_parse-select_parse-select.tsv'
35176 seqorient 1/0/T/F/TRUE/FALSE     RC '/beegfs/group_lp/home/CMonzo/CM_IGseq/analysis/productive_vdj/dedup-mpg_L19247_S4_S4_001_PRIMER-S4_R1_igblast_db-pass_parse-select_parse-select.tsv'
75834 seqorient 1/0/T/F/TRUE/FALSE     RC '/beegfs/group_lp/home/CMonzo/CM_IGseq/analysis/productive_vdj/dedup-mpg_L19247_S4_S4_001_PRIMER-S4_R1_igblast_db-pass_parse-select_parse-select.tsv'
79172 seqorient 1/ [... truncated]
Warning: 392 parsing failures.
  row       col           expected actual                                                                                                                                                  file
 9914 seqorient 1/0/T/F/TRUE/FALSE     RC '/beegfs/group_lp/home/CMonzo/CM_IGseq/analysis/productive_vdj/dedup-mpg_L19248_S5_S5_001_PRIMER-S3_R1_igblast_db-pass_parse-select_parse-select.tsv'
 9981 seqorient 1/0/T/F/TRUE/FALSE     RC '/beegfs/group_lp/home/CMonzo/CM_IGseq/analysis/productive_vdj/dedup-mpg_L19248_S5_S5_001_PRIMER-S3_R1_igblast_db-pass_parse-select_parse-select.tsv'
10727 seqorient 1/0/T/F/TRUE/FALSE     RC '/beegfs/group_lp/home/CMonzo/CM_IGseq/analysis/productive_vdj/dedup-mpg_L19248_S5_S5_001_PRIMER-S3_R1_igblast_db-pass_parse-select_parse-select.tsv'
11209 seqorient 1/0/T/F/TRUE/FALSE     RC '/beegfs/group_lp/home/CMonzo/CM_IGseq/analysis/productive_vdj/dedup-mpg_L19248_S5_S5_001_PRIMER-S3_R1_igblast_db-pass_parse-select_parse-select.tsv'
16208 seqorient 1/ [... truncated]
Warning: 281 parsing failures.
  row       col           expected actual                                                                                                                                                  file
16759 seqorient 1/0/T/F/TRUE/FALSE     RC '/beegfs/group_lp/home/CMonzo/CM_IGseq/analysis/productive_vdj/dedup-mpg_L19247_S4_S4_001_PRIMER-S9_R1_igblast_db-pass_parse-select_parse-select.tsv'
22657 seqorient 1/0/T/F/TRUE/FALSE     RC '/beegfs/group_lp/home/CMonzo/CM_IGseq/analysis/productive_vdj/dedup-mpg_L19247_S4_S4_001_PRIMER-S9_R1_igblast_db-pass_parse-select_parse-select.tsv'
35143 seqorient 1/0/T/F/TRUE/FALSE     RC '/beegfs/group_lp/home/CMonzo/CM_IGseq/analysis/productive_vdj/dedup-mpg_L19247_S4_S4_001_PRIMER-S9_R1_igblast_db-pass_parse-select_parse-select.tsv'
41398 seqorient 1/0/T/F/TRUE/FALSE     RC '/beegfs/group_lp/home/CMonzo/CM_IGseq/analysis/productive_vdj/dedup-mpg_L19247_S4_S4_001_PRIMER-S9_R1_igblast_db-pass_parse-select_parse-select.tsv'
45096 seqorient 1/ [... truncated]
Warning: 187 parsing failures.
  row       col           expected actual                                                                                                                                                  file
 7715 seqorient 1/0/T/F/TRUE/FALSE     RC '/beegfs/group_lp/home/CMonzo/CM_IGseq/analysis/productive_vdj/dedup-mpg_L19248_S5_S5_001_PRIMER-S2_R1_igblast_db-pass_parse-select_parse-select.tsv'
60203 seqorient 1/0/T/F/TRUE/FALSE     RC '/beegfs/group_lp/home/CMonzo/CM_IGseq/analysis/productive_vdj/dedup-mpg_L19248_S5_S5_001_PRIMER-S2_R1_igblast_db-pass_parse-select_parse-select.tsv'
64921 seqorient 1/0/T/F/TRUE/FALSE     RC '/beegfs/group_lp/home/CMonzo/CM_IGseq/analysis/productive_vdj/dedup-mpg_L19248_S5_S5_001_PRIMER-S2_R1_igblast_db-pass_parse-select_parse-select.tsv'
67466 seqorient 1/0/T/F/TRUE/FALSE     RC '/beegfs/group_lp/home/CMonzo/CM_IGseq/analysis/productive_vdj/dedup-mpg_L19248_S5_S5_001_PRIMER-S2_R1_igblast_db-pass_parse-select_parse-select.tsv'
67913 seqorient 1/ [... truncated]
Warning: 1206 parsing failures.
  row       col           expected actual                                                                                                                                                  file
18708 seqorient 1/0/T/F/TRUE/FALSE     RC '/beegfs/group_lp/home/CMonzo/CM_IGseq/analysis/productive_vdj/dedup-mpg_L19247_S4_S4_001_PRIMER-S6_R1_igblast_db-pass_parse-select_parse-select.tsv'
29934 seqorient 1/0/T/F/TRUE/FALSE     RC '/beegfs/group_lp/home/CMonzo/CM_IGseq/analysis/productive_vdj/dedup-mpg_L19247_S4_S4_001_PRIMER-S6_R1_igblast_db-pass_parse-select_parse-select.tsv'
38208 seqorient 1/0/T/F/TRUE/FALSE     RC '/beegfs/group_lp/home/CMonzo/CM_IGseq/analysis/productive_vdj/dedup-mpg_L19247_S4_S4_001_PRIMER-S6_R1_igblast_db-pass_parse-select_parse-select.tsv'
53422 seqorient 1/0/T/F/TRUE/FALSE     RC '/beegfs/group_lp/home/CMonzo/CM_IGseq/analysis/productive_vdj/dedup-mpg_L19247_S4_S4_001_PRIMER-S6_R1_igblast_db-pass_parse-select_parse-select.tsv'
62895 seqorient 1 [... truncated]
Warning: 294 parsing failures.
   row       col           expected actual                                                                                                                                                  file
 64812 seqorient 1/0/T/F/TRUE/FALSE     RC '/beegfs/group_lp/home/CMonzo/CM_IGseq/analysis/productive_vdj/dedup-mpg_L19248_S5_S5_001_PRIMER-S1_R1_igblast_db-pass_parse-select_parse-select.tsv'
 89481 seqorient 1/0/T/F/TRUE/FALSE     RC '/beegfs/group_lp/home/CMonzo/CM_IGseq/analysis/productive_vdj/dedup-mpg_L19248_S5_S5_001_PRIMER-S1_R1_igblast_db-pass_parse-select_parse-select.tsv'
 95212 seqorient 1/0/T/F/TRUE/FALSE     RC '/beegfs/group_lp/home/CMonzo/CM_IGseq/analysis/productive_vdj/dedup-mpg_L19248_S5_S5_001_PRIMER-S1_R1_igblast_db-pass_parse-select_parse-select.tsv'
 99495 seqorient 1/0/T/F/TRUE/FALSE     RC '/beegfs/group_lp/home/CMonzo/CM_IGseq/analysis/productive_vdj/dedup-mpg_L19248_S5_S5_001_PRIMER-S1_R1_igblast_db-pass_parse-select_parse-select.tsv'
100254 seqori [... truncated]
Warning: 153 parsing failures.
  row       col           expected actual                                                                                                                                                  file
23017 seqorient 1/0/T/F/TRUE/FALSE     RC '/beegfs/group_lp/home/CMonzo/CM_IGseq/analysis/productive_vdj/dedup-mpg_L19248_S5_S5_001_PRIMER-S9_R1_igblast_db-pass_parse-select_parse-select.tsv'
39229 seqorient 1/0/T/F/TRUE/FALSE     RC '/beegfs/group_lp/home/CMonzo/CM_IGseq/analysis/productive_vdj/dedup-mpg_L19248_S5_S5_001_PRIMER-S9_R1_igblast_db-pass_parse-select_parse-select.tsv'
60297 seqorient 1/0/T/F/TRUE/FALSE     RC '/beegfs/group_lp/home/CMonzo/CM_IGseq/analysis/productive_vdj/dedup-mpg_L19248_S5_S5_001_PRIMER-S9_R1_igblast_db-pass_parse-select_parse-select.tsv'
69953 seqorient 1/0/T/F/TRUE/FALSE     RC '/beegfs/group_lp/home/CMonzo/CM_IGseq/analysis/productive_vdj/dedup-mpg_L19248_S5_S5_001_PRIMER-S9_R1_igblast_db-pass_parse-select_parse-select.tsv'
70842 seqorient 1/ [... truncated]
Warning: 173 parsing failures.
   row       col           expected actual                                                                                                                                                  file
 28426 seqorient 1/0/T/F/TRUE/FALSE     RC '/beegfs/group_lp/home/CMonzo/CM_IGseq/analysis/productive_vdj/dedup-mpg_L19248_S5_S5_001_PRIMER-S6_R1_igblast_db-pass_parse-select_parse-select.tsv'
 52897 seqorient 1/0/T/F/TRUE/FALSE     RC '/beegfs/group_lp/home/CMonzo/CM_IGseq/analysis/productive_vdj/dedup-mpg_L19248_S5_S5_001_PRIMER-S6_R1_igblast_db-pass_parse-select_parse-select.tsv'
135691 seqorient 1/0/T/F/TRUE/FALSE     RC '/beegfs/group_lp/home/CMonzo/CM_IGseq/analysis/productive_vdj/dedup-mpg_L19248_S5_S5_001_PRIMER-S6_R1_igblast_db-pass_parse-select_parse-select.tsv'
138840 seqorient 1/0/T/F/TRUE/FALSE     RC '/beegfs/group_lp/home/CMonzo/CM_IGseq/analysis/productive_vdj/dedup-mpg_L19248_S5_S5_001_PRIMER-S6_R1_igblast_db-pass_parse-select_parse-select.tsv'
150892 seqori [... truncated]
Warning: 283 parsing failures.
   row       col           expected actual                                                                                                                                                  file
 20417 seqorient 1/0/T/F/TRUE/FALSE     RC '/beegfs/group_lp/home/CMonzo/CM_IGseq/analysis/productive_vdj/dedup-mpg_L19248_S5_S5_001_PRIMER-S4_R1_igblast_db-pass_parse-select_parse-select.tsv'
 53393 seqorient 1/0/T/F/TRUE/FALSE     RC '/beegfs/group_lp/home/CMonzo/CM_IGseq/analysis/productive_vdj/dedup-mpg_L19248_S5_S5_001_PRIMER-S4_R1_igblast_db-pass_parse-select_parse-select.tsv'
 72758 seqorient 1/0/T/F/TRUE/FALSE     RC '/beegfs/group_lp/home/CMonzo/CM_IGseq/analysis/productive_vdj/dedup-mpg_L19248_S5_S5_001_PRIMER-S4_R1_igblast_db-pass_parse-select_parse-select.tsv'
112716 seqorient 1/0/T/F/TRUE/FALSE     RC '/beegfs/group_lp/home/CMonzo/CM_IGseq/analysis/productive_vdj/dedup-mpg_L19248_S5_S5_001_PRIMER-S4_R1_igblast_db-pass_parse-select_parse-select.tsv'
147190 seqori [... truncated]
Warning: 149 parsing failures.
   row       col           expected actual                                                                                                                                                  file
 36011 seqorient 1/0/T/F/TRUE/FALSE     RC '/beegfs/group_lp/home/CMonzo/CM_IGseq/analysis/productive_vdj/dedup-mpg_L19248_S5_S5_001_PRIMER-S5_R1_igblast_db-pass_parse-select_parse-select.tsv'
102968 seqorient 1/0/T/F/TRUE/FALSE     RC '/beegfs/group_lp/home/CMonzo/CM_IGseq/analysis/productive_vdj/dedup-mpg_L19248_S5_S5_001_PRIMER-S5_R1_igblast_db-pass_parse-select_parse-select.tsv'
119786 seqorient 1/0/T/F/TRUE/FALSE     RC '/beegfs/group_lp/home/CMonzo/CM_IGseq/analysis/productive_vdj/dedup-mpg_L19248_S5_S5_001_PRIMER-S5_R1_igblast_db-pass_parse-select_parse-select.tsv'
178382 seqorient 1/0/T/F/TRUE/FALSE     RC '/beegfs/group_lp/home/CMonzo/CM_IGseq/analysis/productive_vdj/dedup-mpg_L19248_S5_S5_001_PRIMER-S5_R1_igblast_db-pass_parse-select_parse-select.tsv'
192156 seqori [... truncated]
Warning: 327 parsing failures.
  row       col           expected actual                                                                                                                                                  file
16055 seqorient 1/0/T/F/TRUE/FALSE     RC '/beegfs/group_lp/home/CMonzo/CM_IGseq/analysis/productive_vdj/dedup-mpg_L19246_S3_S3_001_PRIMER-S2_R1_igblast_db-pass_parse-select_parse-select.tsv'
25222 seqorient 1/0/T/F/TRUE/FALSE     RC '/beegfs/group_lp/home/CMonzo/CM_IGseq/analysis/productive_vdj/dedup-mpg_L19246_S3_S3_001_PRIMER-S2_R1_igblast_db-pass_parse-select_parse-select.tsv'
40412 seqorient 1/0/T/F/TRUE/FALSE     RC '/beegfs/group_lp/home/CMonzo/CM_IGseq/analysis/productive_vdj/dedup-mpg_L19246_S3_S3_001_PRIMER-S2_R1_igblast_db-pass_parse-select_parse-select.tsv'
51051 seqorient 1/0/T/F/TRUE/FALSE     RC '/beegfs/group_lp/home/CMonzo/CM_IGseq/analysis/productive_vdj/dedup-mpg_L19246_S3_S3_001_PRIMER-S2_R1_igblast_db-pass_parse-select_parse-select.tsv'
79966 seqorient 1/ [... truncated]
Warning: 237 parsing failures.
   row       col           expected actual                                                                                                                                                  file
 21013 seqorient 1/0/T/F/TRUE/FALSE     RC '/beegfs/group_lp/home/CMonzo/CM_IGseq/analysis/productive_vdj/dedup-mpg_L19247_S4_S4_001_PRIMER-S7_R1_igblast_db-pass_parse-select_parse-select.tsv'
 95327 seqorient 1/0/T/F/TRUE/FALSE     RC '/beegfs/group_lp/home/CMonzo/CM_IGseq/analysis/productive_vdj/dedup-mpg_L19247_S4_S4_001_PRIMER-S7_R1_igblast_db-pass_parse-select_parse-select.tsv'
 96269 seqorient 1/0/T/F/TRUE/FALSE     RC '/beegfs/group_lp/home/CMonzo/CM_IGseq/analysis/productive_vdj/dedup-mpg_L19247_S4_S4_001_PRIMER-S7_R1_igblast_db-pass_parse-select_parse-select.tsv'
 97779 seqorient 1/0/T/F/TRUE/FALSE     RC '/beegfs/group_lp/home/CMonzo/CM_IGseq/analysis/productive_vdj/dedup-mpg_L19247_S4_S4_001_PRIMER-S7_R1_igblast_db-pass_parse-select_parse-select.tsv'
126094 seqori [... truncated]
There were 50 or more warnings (use warnings() to see the first 50)
Warning: 332 parsing failures.
   row       col           expected actual                                                                                                                                                  file
 47752 seqorient 1/0/T/F/TRUE/FALSE     RC '/beegfs/group_lp/home/CMonzo/CM_IGseq/analysis/productive_vdj/dedup-mpg_L19248_S5_S5_001_PRIMER-S8_R1_igblast_db-pass_parse-select_parse-select.tsv'
 69909 seqorient 1/0/T/F/TRUE/FALSE     RC '/beegfs/group_lp/home/CMonzo/CM_IGseq/analysis/productive_vdj/dedup-mpg_L19248_S5_S5_001_PRIMER-S8_R1_igblast_db-pass_parse-select_parse-select.tsv'
135719 seqorient 1/0/T/F/TRUE/FALSE     RC '/beegfs/group_lp/home/CMonzo/CM_IGseq/analysis/productive_vdj/dedup-mpg_L19248_S5_S5_001_PRIMER-S8_R1_igblast_db-pass_parse-select_parse-select.tsv'
136272 seqorient 1/0/T/F/TRUE/FALSE     RC '/beegfs/group_lp/home/CMonzo/CM_IGseq/analysis/productive_vdj/dedup-mpg_L19248_S5_S5_001_PRIMER-S8_R1_igblast_db-pass_parse-select_parse-select.tsv'
157402 seqori [... truncated]
Warning: 107 parsing failures.
   row       col           expected actual                                                                                                                                                  file
 24768 seqorient 1/0/T/F/TRUE/FALSE     RC '/beegfs/group_lp/home/CMonzo/CM_IGseq/analysis/productive_vdj/dedup-mpg_L19248_S5_S5_001_PRIMER-S7_R1_igblast_db-pass_parse-select_parse-select.tsv'
 49640 seqorient 1/0/T/F/TRUE/FALSE     RC '/beegfs/group_lp/home/CMonzo/CM_IGseq/analysis/productive_vdj/dedup-mpg_L19248_S5_S5_001_PRIMER-S7_R1_igblast_db-pass_parse-select_parse-select.tsv'
 51181 seqorient 1/0/T/F/TRUE/FALSE     RC '/beegfs/group_lp/home/CMonzo/CM_IGseq/analysis/productive_vdj/dedup-mpg_L19248_S5_S5_001_PRIMER-S7_R1_igblast_db-pass_parse-select_parse-select.tsv'
107668 seqorient 1/0/T/F/TRUE/FALSE     RC '/beegfs/group_lp/home/CMonzo/CM_IGseq/analysis/productive_vdj/dedup-mpg_L19248_S5_S5_001_PRIMER-S7_R1_igblast_db-pass_parse-select_parse-select.tsv'
107926 seqori [... truncated]
Warning: 335 parsing failures.
   row       col           expected actual                                                                                                                                                  file
 30457 seqorient 1/0/T/F/TRUE/FALSE     RC '/beegfs/group_lp/home/CMonzo/CM_IGseq/analysis/productive_vdj/dedup-mpg_L19247_S4_S4_001_PRIMER-S8_R1_igblast_db-pass_parse-select_parse-select.tsv'
142210 seqorient 1/0/T/F/TRUE/FALSE     RC '/beegfs/group_lp/home/CMonzo/CM_IGseq/analysis/productive_vdj/dedup-mpg_L19247_S4_S4_001_PRIMER-S8_R1_igblast_db-pass_parse-select_parse-select.tsv'
145573 seqorient 1/0/T/F/TRUE/FALSE     RC '/beegfs/group_lp/home/CMonzo/CM_IGseq/analysis/productive_vdj/dedup-mpg_L19247_S4_S4_001_PRIMER-S8_R1_igblast_db-pass_parse-select_parse-select.tsv'
192570 seqorient 1/0/T/F/TRUE/FALSE     RC '/beegfs/group_lp/home/CMonzo/CM_IGseq/analysis/productive_vdj/dedup-mpg_L19247_S4_S4_001_PRIMER-S8_R1_igblast_db-pass_parse-select_parse-select.tsv'
194966 seqori [... truncated]
